15:16:40. INFO  manager.ApplicationManager - All tests starts in 'Chrome' browser
15:16:40. INFO  manager.ApplicationManager - Link ------->https://contacts-app.tobbymarshall815.vercel.app/login
15:16:41. INFO  manager.MyListener - Start search element by locator --->By.xpath: //button[text()='Sign Out']
15:17:01. INFO  manager.MyListener - The element with locator --->By.xpath: //button[text()='Sign Out']was found
15:17:01. INFO  manager.MyListener - Start search element by locator --->By.xpath: //a[text()='LOGIN']
15:17:01. INFO  manager.MyListener - The element with locator --->By.xpath: //a[text()='LOGIN']was found
15:17:01. INFO  manager.MyListener - Start search element by locator --->By.xpath: //input[1]
15:17:01. INFO  manager.MyListener - The element with locator --->By.xpath: //input[1]was found
15:17:01. INFO  manager.MyListener - Start search element by locator --->By.xpath: //input[2]
15:17:01. INFO  manager.MyListener - The element with locator --->By.xpath: //input[2]was found
15:17:01. INFO  manager.MyListener - Start search element by locator --->By.xpath: //button[2]
15:17:01. INFO  manager.MyListener - The element with locator --->By.xpath: //button[2]was found
15:17:01. INFO  manager.MyListener - Start search element by locator --->By.xpath: //button[text()='Sign Out']
15:17:21. INFO  manager.MyListener - The element with locator --->By.xpath: //button[text()='Sign Out']was found
15:17:21. INFO  manager.MyListener - Start search element by locator --->By.xpath: //button[text()='Sign Out']
15:17:21. INFO  manager.MyListener - The element with locator --->By.xpath: //button[text()='Sign Out']was found
15:17:21. INFO  manager.MyListener - Start search element by locator --->By.xpath: //button[text()='Sign Out']
15:17:21. INFO  manager.MyListener - The element with locator --->By.xpath: //button[text()='Sign Out']was found
15:17:21. INFO  tests.TestBase - User{email='noa@gmail.com', password='Nnoa12345$'}
15:17:21. INFO  manager.MyListener - Start search element by locator --->By.xpath: //a[text()='LOGIN']
15:17:21. INFO  manager.MyListener - The element with locator --->By.xpath: //a[text()='LOGIN']was found
15:17:21. INFO  manager.MyListener - Start search element by locator --->By.xpath: //input[1]
15:17:21. INFO  manager.MyListener - The element with locator --->By.xpath: //input[1]was found
15:17:21. INFO  manager.MyListener - Start search element by locator --->By.xpath: //input[2]
15:17:21. INFO  manager.MyListener - The element with locator --->By.xpath: //input[2]was found
15:17:21. INFO  manager.MyListener - Start search element by locator --->By.xpath: //button[1]
15:17:21. INFO  manager.MyListener - The element with locator --->By.xpath: //button[1]was found
15:17:26. INFO  manager.MyListener - Start search element by locator --->By.xpath: //button[text()='Sign Out']
15:17:26. INFO  manager.MyListener - The element with locator --->By.xpath: //button[text()='Sign Out']was found
