20:17:28. INFO  manager.ApplicationManager - All tests starts in Chrome browser
20:17:29. INFO  manager.ApplicationManager - Link ------->https://contacts-app.tobbymarshall815.vercel.app/login
20:17:30. INFO  manager.MyListener - Start search element by locator --->By.xpath: //button[text()='Sign Out']
20:17:50. INFO  manager.MyListener - The element with locator --->By.xpath: //button[text()='Sign Out']was found
20:17:50. INFO  manager.MyListener - Start search element by locator --->By.xpath: //a[text()='LOGIN']
20:17:50. INFO  manager.MyListener - The element with locator --->By.xpath: //a[text()='LOGIN']was found
20:17:50. INFO  manager.MyListener - Start search element by locator --->By.xpath: //input[1]
20:17:50. INFO  manager.MyListener - The element with locator --->By.xpath: //input[1]was found
20:17:50. INFO  manager.MyListener - Start search element by locator --->By.xpath: input[2]
20:18:10. INFO  manager.MyListener - Something went wrong!!!
20:18:10. INFO  manager.MyListener - no such element: Unable to locate element: {"method":"xpath","selector":"input[2]"}
  (Session info: chrome=98.0.4758.102)
For documentation on this error, please visit: https://www.seleniumhq.org/exceptions/no_such_element.html
Build info: version: '3.141.59', revision: 'e82be7d358', time: '2018-11-14T08:17:03'
System info: host: 'DESKTOP-B7SSTIV', ip: '192.168.1.13', os.name: 'Windows 10', os.arch: 'amd64', os.version: '10.0', java.version: '1.8.0_201'
Driver info: org.openqa.selenium.chrome.ChromeDriver
Capabilities {acceptInsecureCerts: false, browserName: chrome, browserVersion: 98.0.4758.102, chrome: {chromedriverVersion: 98.0.4758.48 (d869ab3eda606..., userDataDir: C:\Users\Andrey\AppData\Loc...}, goog:chromeOptions: {debuggerAddress: localhost:54174}, javascriptEnabled: true, networkConnectionEnabled: false, pageLoadStrategy: normal, platform: WINDOWS, platformName: WINDOWS, proxy: Proxy(), setWindowRect: true, strictFileInteractability: false, timeouts: {implicit: 0, pageLoad: 300000, script: 30000}, unhandledPromptBehavior: dismiss and notify, webauthn:extension:credBlob: true, webauthn:extension:largeBlob: true, webauthn:virtualAuthenticators: true}
Session ID: be4266381bda50ac6af9f3de1e7e3d65
*** Element info: {Using=xpath, value=input[2]}
20:18:10. INFO  manager.MyListener - org.openqa.selenium.NoSuchElementException: no such element: Unable to locate element: {"method":"xpath","selector":"input[2]"}
  (Session info: chrome=98.0.4758.102)
For documentation on this error, please visit: https://www.seleniumhq.org/exceptions/no_such_element.html
Build info: version: '3.141.59', revision: 'e82be7d358', time: '2018-11-14T08:17:03'
System info: host: 'DESKTOP-B7SSTIV', ip: '192.168.1.13', os.name: 'Windows 10', os.arch: 'amd64', os.version: '10.0', java.version: '1.8.0_201'
Driver info: org.openqa.selenium.chrome.ChromeDriver
Capabilities {acceptInsecureCerts: false, browserName: chrome, browserVersion: 98.0.4758.102, chrome: {chromedriverVersion: 98.0.4758.48 (d869ab3eda606..., userDataDir: C:\Users\Andrey\AppData\Loc...}, goog:chromeOptions: {debuggerAddress: localhost:54174}, javascriptEnabled: true, networkConnectionEnabled: false, pageLoadStrategy: normal, platform: WINDOWS, platformName: WINDOWS, proxy: Proxy(), setWindowRect: true, strictFileInteractability: false, timeouts: {implicit: 0, pageLoad: 300000, script: 30000}, unhandledPromptBehavior: dismiss and notify, webauthn:extension:credBlob: true, webauthn:extension:largeBlob: true, webauthn:virtualAuthenticators: true}
Session ID: be4266381bda50ac6af9f3de1e7e3d65
*** Element info: {Using=xpath, value=input[2]}
20:18:11. INFO  manager.MyListener - This link to screenshot with error ------>src/test/screenshots1090.png
